mode: atomic
github.com/breathbath/go_utils/collections/mapConversions.go:10.57,12.34 2 1
github.com/breathbath/go_utils/collections/mapConversions.go:16.2,16.15 1 1
github.com/breathbath/go_utils/collections/mapConversions.go:12.34,14.3 1 5
github.com/breathbath/go_utils/collections/mapConversions.go:19.55,21.34 2 1
github.com/breathbath/go_utils/collections/mapConversions.go:25.2,25.16 1 1
github.com/breathbath/go_utils/collections/mapConversions.go:21.34,23.3 1 5
github.com/breathbath/go_utils/collections/mapConversions.go:31.115,33.34 2 1
github.com/breathbath/go_utils/collections/mapConversions.go:41.2,41.16 1 1
github.com/breathbath/go_utils/collections/mapConversions.go:33.34,35.21 2 5
github.com/breathbath/go_utils/collections/mapConversions.go:38.3,38.36 1 3
github.com/breathbath/go_utils/collections/mapConversions.go:35.21,36.12 1 2
github.com/breathbath/go_utils/collections/mapConversions.go:44.78,46.9 2 5
github.com/breathbath/go_utils/collections/mapConversions.go:50.2,50.15 1 3
github.com/breathbath/go_utils/collections/mapConversions.go:46.9,48.3 1 2
github.com/breathbath/go_utils/collections/mapConversions.go:53.81,56.25 3 2
github.com/breathbath/go_utils/collections/mapConversions.go:62.2,62.43 1 2
github.com/breathbath/go_utils/collections/mapConversions.go:56.25,60.3 3 3
github.com/breathbath/go_utils/collections/mapConversions.go:65.82,70.2 3 1
github.com/breathbath/go_utils/collections/mapConversions.go:72.70,73.33 1 2
github.com/breathbath/go_utils/collections/mapConversions.go:78.2,78.8 1 2
github.com/breathbath/go_utils/collections/mapConversions.go:73.33,76.3 2 4
github.com/breathbath/go_utils/connections/waitingConnector.go:11.53,13.2 1 0
github.com/breathbath/go_utils/connections/waitingConnector.go:15.34,17.2 1 4
github.com/breathbath/go_utils/connections/waitingConnector.go:24.24,25.44 1 4
github.com/breathbath/go_utils/connections/waitingConnector.go:41.2,41.70 1 2
github.com/breathbath/go_utils/connections/waitingConnector.go:25.44,28.17 2 15
github.com/breathbath/go_utils/connections/waitingConnector.go:32.3,38.28 5 13
github.com/breathbath/go_utils/connections/waitingConnector.go:28.17,30.4 1 2
